app/build/outputs/logs/manifest-merger-debug-report.txt
-- Merging decision tree log ---
manifest
ADDED from src/main/AndroidManifest.xml:2:1-96:12
INJECTED from src/main/AndroidManifest.xml:2:1-96:12
INJECTED from src/main/AndroidManifest.xml:2:1-96:12
INJECTED from src/main/AndroidManifest.xml:2:1-96:12
MERGED from [lib.5plus.base-release.aar] AndroidManifest.xml:2:1-241:12
MERGED from [uniapp-v8-release.aar] AndroidManifest.xml:20:1-37:12
MERGED from [android-gif-drawable-release@1.2.17.aar] AndroidManifest.xml:2:1-10:12
MERGED from [msa_mdid_1.0.13.aar] AndroidManifest.xml:1:1-10:12
MERGED from [androidx.multidex:multidex:2.0.0] AndroidManifest.xml:17:1-22:12
MERGED from [androidx.legacy:legacy-support-v4:1.0.0-rc01] AndroidManifest.xml:17:1-22:12
MERGED from [:facelib] AndroidManifest.xml:2:1-30:12
MERGED from [faceplatform-release.aar] AndroidManifest.xml:2:1-13:12
MERGED from [androidx.appcompat:appcompat:1.0.0-rc01] AndroidManifest.xml:17:1-22:12
MERGED from [androidx.recyclerview:recyclerview:1.0.0-rc01] AndroidManifest.xml:17:1-22:12
MERGED from [:uniplugin_component] AndroidManifest.xml:2:1-11:12
MERGED from [:uniplugin_module] AndroidManifest.xml:2:1-17:12
MERGED from [com.facebook.fresco:fresco:1.13.0] AndroidManifest.xml:2:1-9:12
MERGED from [com.facebook.fresco:animated-gif:1.13.0] AndroidManifest.xml:2:1-9:12
MERGED from [com.github.bumptech.glide:glide:4.9.0] AndroidManifest.xml:2:1-12:12
MERGED from [:uniplugin_richalert] AndroidManifest.xml:2:1-11:12
MERGED from [androidx.media:media:1.0.0-rc01] AndroidManifest.xml:17:1-22:12
MERGED from [androidx.fragment:fragment:1.0.0-rc01] AndroidManifest.xml:17:1-22:12
MERGED from [androidx.vectordrawable:vectordrawable-animated:1.0.0-rc01] AndroidManifest.xml:17:1-22:12
MERGED from [androidx.legacy:legacy-support-core-ui:1.0.0-rc01] AndroidManifest.xml:17:1-22:12
MERGED from [androidx.legacy:legacy-support-core-utils:1.0.0-rc01] AndroidManifest.xml:17:1-22:12
MERGED from [androidx.vectordrawable:vectordrawable:1.0.0-rc01] AndroidManifest.xml:17:1-22:12
MERGED from [androidx.loader:loader:1.0.0-rc01] AndroidManifest.xml:17:1-22:12
MERGED from [androidx.viewpager:viewpager:1.0.0-rc01] AndroidManifest.xml:17:1-22:12
MERGED from [androidx.coordinatorlayout:coordinatorlayout:1.0.0-rc01] AndroidManifest.xml:17:1-22:12
MERGED from [androidx.drawerlayout:drawerlayout:1.0.0-rc01] AndroidManifest.xml:17:1-22:12
MERGED from [androidx.slidingpanelayout:slidingpanelayout:1.0.0-rc01] AndroidManifest.xml:17:1-22:12
MERGED from [androidx.customview:customview:1.0.0-rc01] AndroidManifest.xml:17:1-22:12
MERGED from [androidx.swiperefreshlayout:swiperefreshlayout:1.0.0-rc01] AndroidManifest.xml:17:1-22:12
MERGED from [androidx.asynclayoutinflater:asynclayoutinflater:1.0.0-rc01] AndroidManifest.xml:17:1-22:12
MERGED from [androidx.core:core:1.0.0-rc01] AndroidManifest.xml:17:1-24:12
MERGED from [androidx.versionedparcelable:versionedparcelable:1.0.0-rc01] AndroidManifest.xml:17:1-25:12
MERGED from [androidx.cursoradapter:cursoradapter:1.0.0-rc01] AndroidManifest.xml:17:1-22:12
MERGED from [androidx.documentfile:documentfile:1.0.0-rc01] AndroidManifest.xml:17:1-22:12
MERGED from [androidx.localbroadcastmanager:localbroadcastmanager:1.0.0-rc01] AndroidManifest.xml:17:1-22:12
MERGED from [androidx.print:print:1.0.0-rc01] AndroidManifest.xml:17:1-22:12
MERGED from [androidx.interpolator:interpolator:1.0.0-rc01] AndroidManifest.xml:17:1-22:12
MERGED from [com.github.bumptech.glide:gifdecoder:4.9.0] AndroidManifest.xml:2:1-11:12
MERGED from [com.facebook.fresco:animated-base:1.13.0] AndroidManifest.xml:2:1-9:12
MERGED from [com.facebook.fresco:animated-drawable:1.13.0] AndroidManifest.xml:2:1-9:12
MERGED from [com.facebook.fresco:drawee:1.13.0] AndroidManifest.xml:2:1-9:12
MERGED from [com.facebook.fresco:nativeimagefilters:1.13.0] AndroidManifest.xml:2:1-9:12
MERGED from [com.facebook.fresco:imagepipeline:1.13.0] AndroidManifest.xml:2:1-9:12
MERGED from [com.facebook.fresco:nativeimagetranscoder:1.13.0] AndroidManifest.xml:2:1-9:12
MERGED from [com.facebook.fresco:imagepipeline-base:1.13.0] AndroidManifest.xml:2:1-9:12
MERGED from [com.facebook.fresco:fbcore:1.13.0] AndroidManifest.xml:2:1-9:12
MERGED from [com.facebook.soloader:soloader:0.6.0] AndroidManifest.xml:2:1-13:12
MERGED from [androidx.lifecycle:lifecycle-runtime:2.0.0-rc01] AndroidManifest.xml:17:1-22:12
MERGED from [androidx.lifecycle:lifecycle-viewmodel:2.0.0-rc01] AndroidManifest.xml:17:1-22:12
MERGED from [androidx.lifecycle:lifecycle-livedata-core:2.0.0-rc01] AndroidManifest.xml:17:1-22:12
MERGED from [androidx.arch.core:core-runtime:2.0.0-rc01] AndroidManifest.xml:17:1-22:12
INJECTED from src/main/AndroidManifest.xml:2:1-96:12
INJECTED from src/main/AndroidManifest.xml:2:1-96:12
INJECTED from src/main/AndroidManifest.xml:2:1-96:12
	package
		ADDED from src/main/AndroidManifest.xml:3:5-37
		INJECTED from src/main/AndroidManifest.xml
		INJECTED from src/main/AndroidManifest.xml
	android:versionName
		INJECTED from src/main/AndroidManifest.xml
		ADDED from src/main/AndroidManifest.xml:2:1-96:12
		INJECTED from src/main/AndroidManifest.xml
	android:versionCode
		INJECTED from src/main/AndroidManifest.xml
		ADDED from src/main/AndroidManifest.xml:2:1-96:12
		INJECTED from src/main/AndroidManifest.xml
	xmlns:android
		ADDED from src/main/AndroidManifest.xml:2:11-69
supports-screens
ADDED from src/main/AndroidManifest.xml:5:5-10:39
MERGED from [lib.5plus.base-release.aar] AndroidManifest.xml:9:5-14:39
MERGED from [lib.5plus.base-release.aar] AndroidManifest.xml:9:5-14:39
	android:largeScreens
		ADDED from src/main/AndroidManifest.xml:7:9-36
	android:smallScreens
		ADDED from src/main/AndroidManifest.xml:10:9-36
	android:normalScreens
		ADDED from src/main/AndroidManifest.xml:8:9-37
	android:resizeable
		ADDED from src/main/AndroidManifest.xml:9:9-34
	android:anyDensity
		ADDED from src/main/AndroidManifest.xml:6:9-34
uses-permission#android.permission.CAMERA
ADDED from src/main/AndroidManifest.xml:13:5-65
MERGED from [:facelib] AndroidManifest.xml:12:5-65
MERGED from [:facelib] AndroidManifest.xml:12:5-65
	android:name
		ADDED from src/main/AndroidManifest.xml:13:22-62
uses-permission#android.permission.WRITE_EXTERNAL_STORAGE
ADDED from src/main/AndroidManifest.xml:14:5-81
MERGED from [lib.5plus.base-release.aar] AndroidManifest.xml:16:5-81
MERGED from [lib.5plus.base-release.aar] AndroidManifest.xml:16:5-81
MERGED from [:facelib] AndroidManifest.xml:14:5-81
MERGED from [:facelib] AndroidManifest.xml:14:5-81
	android:name
		ADDED from src/main/AndroidManifest.xml:14:22-78
uses-feature#android.hardware.camera
ADDED from src/main/AndroidManifest.xml:16:5-60
	android:name
		ADDED from src/main/AndroidManifest.xml:16:19-57
uses-feature#android.hardware.camera.autofocus
ADDED from src/main/AndroidManifest.xml:17:5-70
	android:name
		ADDED from src/main/AndroidManifest.xml:17:19-67
uses-permission#android.permission.VIBRATE
ADDED from src/main/AndroidManifest.xml:19:5-66
	android:name
		ADDED from src/main/AndroidManifest.xml:19:22-63
uses-permission#android.permission.FLASHLIGHT
ADDED from src/main/AndroidManifest.xml:20:5-69
	android:name
		ADDED from src/main/AndroidManifest.xml:20:22-66
application
ADDED from src/main/AndroidManifest.xml:23:5-94:19
MERGED from [lib.5plus.base-release.aar] AndroidManifest.xml:156:5-239:19
MERGED from [lib.5plus.base-release.aar] AndroidManifest.xml:156:5-239:19
MERGED from [uniapp-v8-release.aar] AndroidManifest.xml:29:5-35:19
MERGED from [uniapp-v8-release.aar] AndroidManifest.xml:29:5-35:19
MERGED from [:facelib] AndroidManifest.xml:26:5-28:19
MERGED from [:facelib] AndroidManifest.xml:26:5-28:19
MERGED from [faceplatform-release.aar] AndroidManifest.xml:11:5-20
MERGED from [faceplatform-release.aar] AndroidManifest.xml:11:5-20
MERGED from [:uniplugin_module] AndroidManifest.xml:11:5-15:19
MERGED from [:uniplugin_module] AndroidManifest.xml:11:5-15:19
MERGED from [com.github.bumptech.glide:glide:4.9.0] AndroidManifest.xml:10:5-20
MERGED from [com.github.bumptech.glide:glide:4.9.0] AndroidManifest.xml:10:5-20
MERGED from [androidx.core:core:1.0.0-rc01] AndroidManifest.xml:22:5-89
MERGED from [androidx.core:core:1.0.0-rc01] AndroidManifest.xml:22:5-89
MERGED from [androidx.versionedparcelable:versionedparcelable:1.0.0-rc01] AndroidManifest.xml:22:5-23:19
MERGED from [androidx.versionedparcelable:versionedparcelable:1.0.0-rc01] AndroidManifest.xml:22:5-23:19
MERGED from [com.github.bumptech.glide:gifdecoder:4.9.0] AndroidManifest.xml:9:5-20
MERGED from [com.github.bumptech.glide:gifdecoder:4.9.0] AndroidManifest.xml:9:5-20
MERGED from [com.facebook.soloader:soloader:0.6.0] AndroidManifest.xml:11:5-20
MERGED from [com.facebook.soloader:soloader:0.6.0] AndroidManifest.xml:11:5-20
	android:appComponentFactory
		ADDED from [androidx.core:core:1.0.0-rc01] AndroidManifest.xml:22:18-86
	android:supportsRtl
		ADDED from src/main/AndroidManifest.xml:31:9-35
	android:label
		ADDED from src/main/AndroidManifest.xml:28:9-41
	android:allowClearUserData
		ADDED from src/main/AndroidManifest.xml:26:9-42
	android:debuggable
		ADDED from src/main/AndroidManifest.xml:30:9-34
	android:largeHeap
		ADDED from src/main/AndroidManifest.xml:29:9-33
	android:icon
		ADDED from src/main/AndroidManifest.xml:27:9-38
	android:allowBackup
		ADDED from src/main/AndroidManifest.xml:25:9-35
	android:usesCleartextTraffic
		ADDED from [lib.5plus.base-release.aar] AndroidManifest.xml:159:9-44
	android:name
		ADDED from src/main/AndroidManifest.xml:24:9-63
activity#io.dcloud.PandoraEntry
ADDED from src/main/AndroidManifest.xml:34:9-56:20
	android:hardwareAccelerated
		ADDED from src/main/AndroidManifest.xml:38:13-47
	android:windowSoftInputMode
		ADDED from src/main/AndroidManifest.xml:39:13-55
	android:configChanges
		ADDED from src/main/AndroidManifest.xml:37:13-92
	android:theme
		ADDED from src/main/AndroidManifest.xml:36:13-52
	android:name
		ADDED from src/main/AndroidManifest.xml:35:13-50
intent-filter#action:name:android.intent.action.VIEW+category:name:android.intent.category.BROWSABLE+category:name:android.intent.category.DEFAULT+data:scheme:hbuilder
ADDED from src/main/AndroidManifest.xml:40:13-46:29
data
ADDED from src/main/AndroidManifest.xml:41:17-50
	android:scheme
		ADDED from src/main/AndroidManifest.xml:41:23-48
	android:mimeType
		ADDED from src/main/AndroidManifest.xml:48:23-49
action#android.intent.action.VIEW
ADDED from src/main/AndroidManifest.xml:42:17-68
	android:name
		ADDED from src/main/AndroidManifest.xml:42:25-66
category#android.intent.category.DEFAULT
ADDED from src/main/AndroidManifest.xml:44:17-75
	android:name
		ADDED from src/main/AndroidManifest.xml:44:27-73
category#android.intent.category.BROWSABLE
ADDED from src/main/AndroidManifest.xml:45:17-77
	android:name
		ADDED from src/main/AndroidManifest.xml:45:27-75
intent-filter#action:name:android.intent.action.SEND+category:name:android.intent.category.DEFAULT+data:mimeType:image/*
ADDED from src/main/AndroidManifest.xml:47:13-51:29
action#android.intent.action.SEND
ADDED from src/main/AndroidManifest.xml:49:17-68
	android:name
		ADDED from src/main/AndroidManifest.xml:49:25-66
intent-filter#action:name:android.intent.action.MAIN+category:name:android.intent.category.LAUNCHER
ADDED from src/main/AndroidManifest.xml:52:13-55:29
action#android.intent.action.MAIN
ADDED from src/main/AndroidManifest.xml:53:17-68
	android:name
		ADDED from src/main/AndroidManifest.xml:53:25-66
category#android.intent.category.LAUNCHER
ADDED from src/main/AndroidManifest.xml:54:17-76
	android:name
		ADDED from src/main/AndroidManifest.xml:54:27-74
meta-data#dcloud_uninview_background
ADDED from src/main/AndroidManifest.xml:57:9-58:35
	android:value
		ADDED from src/main/AndroidManifest.xml:58:13-33
	android:name
		ADDED from src/main/AndroidManifest.xml:57:20-61
activity#io.dcloud.PandoraEntryActivity
ADDED from src/main/AndroidManifest.xml:60:9-84:20
	android:screenOrientation
		ADDED from src/main/AndroidManifest.xml:66:13-45
	android:launchMode
		ADDED from src/main/AndroidManifest.xml:62:13-44
	android:hardwareAccelerated
		ADDED from src/main/AndroidManifest.xml:64:13-47
	android:windowSoftInputMode
		ADDED from src/main/AndroidManifest.xml:68:13-55
	android:permission
		ADDED from src/main/AndroidManifest.xml:65:13-89
	android:configChanges
		ADDED from src/main/AndroidManifest.xml:63:13-101
	android:theme
		ADDED from src/main/AndroidManifest.xml:67:13-47
	android:name
		ADDED from src/main/AndroidManifest.xml:61:13-58
intent-filter#action:name:android.intent.action.VIEW+category:name:android.intent.category.BROWSABLE+category:name:android.intent.category.DEFAULT+data:scheme:h56131bcf
ADDED from src/main/AndroidManifest.xml:70:13-83:29
provider#io.dcloud.common.util.DCloud_FileProvider
ADDED from src/main/AndroidManifest.xml:85:9-93:20
	android:grantUriPermissions
		ADDED from src/main/AndroidManifest.xml:89:13-47
	android:authorities
		ADDED from src/main/AndroidManifest.xml:87:13-73
	android:exported
		ADDED from src/main/AndroidManifest.xml:88:13-37
	android:name
		ADDED from src/main/AndroidManifest.xml:86:13-69
meta-data#android.support.FILE_PROVIDER_PATHS
ADDED from src/main/AndroidManifest.xml:90:13-92:64
	android:resource
		ADDED from src/main/AndroidManifest.xml:92:17-61
	android:name
		ADDED from src/main/AndroidManifest.xml:91:17-67
uses-sdk
INJECTED from src/main/AndroidManifest.xml reason: use-sdk injection requested
INJECTED from src/main/AndroidManifest.xml
INJECTED from src/main/AndroidManifest.xml
MERGED from [lib.5plus.base-release.aar] AndroidManifest.xml:7:5-44
MERGED from [lib.5plus.base-release.aar] AndroidManifest.xml:7:5-44
MERGED from [uniapp-v8-release.aar] AndroidManifest.xml:25:5-27:41
MERGED from [uniapp-v8-release.aar] AndroidManifest.xml:25:5-27:41
MERGED from [android-gif-drawable-release@1.2.17.aar] AndroidManifest.xml:6:5-8:41
MERGED from [android-gif-drawable-release@1.2.17.aar] AndroidManifest.xml:6:5-8:41
MERGED from [androidx.multidex:multidex:2.0.0] AndroidManifest.xml:20:5-43
MERGED from [androidx.multidex:multidex:2.0.0] AndroidManifest.xml:20:5-43
MERGED from [androidx.legacy:legacy-support-v4:1.0.0-rc01] AndroidManifest.xml:20:5-44
MERGED from [androidx.legacy:legacy-support-v4:1.0.0-rc01] AndroidManifest.xml:20:5-44
MERGED from [:facelib] AndroidManifest.xml:7:5-9:41
MERGED from [:facelib] AndroidManifest.xml:7:5-9:41
MERGED from [faceplatform-release.aar] AndroidManifest.xml:7:5-9:41
MERGED from [faceplatform-release.aar] AndroidManifest.xml:7:5-9:41
MERGED from [androidx.appcompat:appcompat:1.0.0-rc01] AndroidManifest.xml:20:5-44
MERGED from [androidx.appcompat:appcompat:1.0.0-rc01] AndroidManifest.xml:20:5-44
MERGED from [androidx.recyclerview:recyclerview:1.0.0-rc01] AndroidManifest.xml:20:5-44
MERGED from [androidx.recyclerview:recyclerview:1.0.0-rc01] AndroidManifest.xml:20:5-44
MERGED from [:uniplugin_component] AndroidManifest.xml:7:5-9:41
MERGED from [:uniplugin_component] AndroidManifest.xml:7:5-9:41
MERGED from [:uniplugin_module] AndroidManifest.xml:7:5-9:41
MERGED from [:uniplugin_module] AndroidManifest.xml:7:5-9:41
MERGED from [com.facebook.fresco:fresco:1.13.0] AndroidManifest.xml:5:5-7:41
MERGED from [com.facebook.fresco:fresco:1.13.0] AndroidManifest.xml:5:5-7:41
MERGED from [com.facebook.fresco:animated-gif:1.13.0] AndroidManifest.xml:5:5-7:41
MERGED from [com.facebook.fresco:animated-gif:1.13.0] AndroidManifest.xml:5:5-7:41
MERGED from [com.github.bumptech.glide:glide:4.9.0] AndroidManifest.xml:6:5-8:41
MERGED from [com.github.bumptech.glide:glide:4.9.0] AndroidManifest.xml:6:5-8:41
MERGED from [:uniplugin_richalert] AndroidManifest.xml:7:5-9:41
MERGED from [:uniplugin_richalert] AndroidManifest.xml:7:5-9:41
MERGED from [androidx.media:media:1.0.0-rc01] AndroidManifest.xml:20:5-44
MERGED from [androidx.media:media:1.0.0-rc01] AndroidManifest.xml:20:5-44
MERGED from [androidx.fragment:fragment:1.0.0-rc01] AndroidManifest.xml:20:5-44
MERGED from [androidx.fragment:fragment:1.0.0-rc01] AndroidManifest.xml:20:5-44
MERGED from [androidx.vectordrawable:vectordrawable-animated:1.0.0-rc01] AndroidManifest.xml:20:5-44
MERGED from [androidx.vectordrawable:vectordrawable-animated:1.0.0-rc01] AndroidManifest.xml:20:5-44
MERGED from [androidx.legacy:legacy-support-core-ui:1.0.0-rc01] AndroidManifest.xml:20:5-44
MERGED from [androidx.legacy:legacy-support-core-ui:1.0.0-rc01] AndroidManifest.xml:20:5-44
MERGED from [androidx.legacy:legacy-support-core-utils:1.0.0-rc01] AndroidManifest.xml:20:5-44
MERGED from [androidx.legacy:legacy-support-core-utils:1.0.0-rc01] AndroidManifest.xml:20:5-44
MERGED from [androidx.vectordrawable:vectordrawable:1.0.0-rc01] AndroidManifest.xml:20:5-44
MERGED from [androidx.vectordrawable:vectordrawable:1.0.0-rc01] AndroidManifest.xml:20:5-44
MERGED from [androidx.loader:loader:1.0.0-rc01] AndroidManifest.xml:20:5-44
MERGED from [androidx.loader:loader:1.0.0-rc01] AndroidManifest.xml:20:5-44
MERGED from [androidx.viewpager:viewpager:1.0.0-rc01] AndroidManifest.xml:20:5-44
MERGED from [androidx.viewpager:viewpager:1.0.0-rc01] AndroidManifest.xml:20:5-44
MERGED from [androidx.coordinatorlayout:coordinatorlayout:1.0.0-rc01] AndroidManifest.xml:20:5-44
MERGED from [androidx.coordinatorlayout:coordinatorlayout:1.0.0-rc01] AndroidManifest.xml:20:5-44
MERGED from [androidx.drawerlayout:drawerlayout:1.0.0-rc01] AndroidManifest.xml:20:5-44
MERGED from [androidx.drawerlayout:drawerlayout:1.0.0-rc01] AndroidManifest.xml:20:5-44
MERGED from [androidx.slidingpanelayout:slidingpanelayout:1.0.0-rc01] AndroidManifest.xml:20:5-44
MERGED from [androidx.slidingpanelayout:slidingpanelayout:1.0.0-rc01] AndroidManifest.xml:20:5-44
MERGED from [androidx.customview:customview:1.0.0-rc01] AndroidManifest.xml:20:5-44
MERGED from [androidx.customview:customview:1.0.0-rc01] AndroidManifest.xml:20:5-44
MERGED from [androidx.swiperefreshlayout:swiperefreshlayout:1.0.0-rc01] AndroidManifest.xml:20:5-44
MERGED from [androidx.swiperefreshlayout:swiperefreshlayout:1.0.0-rc01] AndroidManifest.xml:20:5-44
MERGED from [androidx.asynclayoutinflater:asynclayoutinflater:1.0.0-rc01] AndroidManifest.xml:20:5-44
MERGED from [androidx.asynclayoutinflater:asynclayoutinflater:1.0.0-rc01] AndroidManifest.xml:20:5-44
MERGED from [androidx.core:core:1.0.0-rc01] AndroidManifest.xml:20:5-44
MERGED from [androidx.core:core:1.0.0-rc01] AndroidManifest.xml:20:5-44
MERGED from [androidx.versionedparcelable:versionedparcelable:1.0.0-rc01] AndroidManifest.xml:20:5-44
MERGED from [androidx.versionedparcelable:versionedparcelable:1.0.0-rc01] AndroidManifest.xml:20:5-44
MERGED from [androidx.cursoradapter:cursoradapter:1.0.0-rc01] AndroidManifest.xml:20:5-44
MERGED from [androidx.cursoradapter:cursoradapter:1.0.0-rc01] AndroidManifest.xml:20:5-44
MERGED from [androidx.documentfile:documentfile:1.0.0-rc01] AndroidManifest.xml:20:5-44
MERGED from [androidx.documentfile:documentfile:1.0.0-rc01] AndroidManifest.xml:20:5-44
MERGED from [androidx.localbroadcastmanager:localbroadcastmanager:1.0.0-rc01] AndroidManifest.xml:20:5-44
MERGED from [androidx.localbroadcastmanager:localbroadcastmanager:1.0.0-rc01] AndroidManifest.xml:20:5-44
MERGED from [androidx.print:print:1.0.0-rc01] AndroidManifest.xml:20:5-44
MERGED from [androidx.print:print:1.0.0-rc01] AndroidManifest.xml:20:5-44
MERGED from [androidx.interpolator:interpolator:1.0.0-rc01] AndroidManifest.xml:20:5-44
MERGED from [androidx.interpolator:interpolator:1.0.0-rc01] AndroidManifest.xml:20:5-44
MERGED from [com.github.bumptech.glide:gifdecoder:4.9.0] AndroidManifest.xml:5:5-7:41
MERGED from [com.github.bumptech.glide:gifdecoder:4.9.0] AndroidManifest.xml:5:5-7:41
MERGED from [com.facebook.fresco:animated-base:1.13.0] AndroidManifest.xml:5:5-7:41
MERGED from [com.facebook.fresco:animated-base:1.13.0] AndroidManifest.xml:5:5-7:41
MERGED from [com.facebook.fresco:animated-drawable:1.13.0] AndroidManifest.xml:5:5-7:41
MERGED from [com.facebook.fresco:animated-drawable:1.13.0] AndroidManifest.xml:5:5-7:41
MERGED from [com.facebook.fresco:drawee:1.13.0] AndroidManifest.xml:5:5-7:41
MERGED from [com.facebook.fresco:drawee:1.13.0] AndroidManifest.xml:5:5-7:41
MERGED from [com.facebook.fresco:nativeimagefilters:1.13.0] AndroidManifest.xml:5:5-7:41
MERGED from [com.facebook.fresco:nativeimagefilters:1.13.0] AndroidManifest.xml:5:5-7:41
MERGED from [com.facebook.fresco:imagepipeline:1.13.0] AndroidManifest.xml:5:5-7:41
MERGED from [com.facebook.fresco:imagepipeline:1.13.0] AndroidManifest.xml:5:5-7:41
MERGED from [com.facebook.fresco:nativeimagetranscoder:1.13.0] AndroidManifest.xml:5:5-7:41
MERGED from [com.facebook.fresco:nativeimagetranscoder:1.13.0] AndroidManifest.xml:5:5-7:41
MERGED from [com.facebook.fresco:imagepipeline-base:1.13.0] AndroidManifest.xml:5:5-7:41
MERGED from [com.facebook.fresco:imagepipeline-base:1.13.0] AndroidManifest.xml:5:5-7:41
MERGED from [com.facebook.fresco:fbcore:1.13.0] AndroidManifest.xml:5:5-7:41
MERGED from [com.facebook.fresco:fbcore:1.13.0] AndroidManifest.xml:5:5-7:41
MERGED from [com.facebook.soloader:soloader:0.6.0] AndroidManifest.xml:7:5-9:41
MERGED from [com.facebook.soloader:soloader:0.6.0] AndroidManifest.xml:7:5-9:41
MERGED from [androidx.lifecycle:lifecycle-runtime:2.0.0-rc01] AndroidManifest.xml:20:5-44
MERGED from [androidx.lifecycle:lifecycle-runtime:2.0.0-rc01] AndroidManifest.xml:20:5-44
MERGED from [androidx.lifecycle:lifecycle-viewmodel:2.0.0-rc01] AndroidManifest.xml:20:5-44
MERGED from [androidx.lifecycle:lifecycle-viewmodel:2.0.0-rc01] AndroidManifest.xml:20:5-44
MERGED from [androidx.lifecycle:lifecycle-livedata-core:2.0.0-rc01] AndroidManifest.xml:20:5-44
MERGED from [androidx.lifecycle:lifecycle-livedata-core:2.0.0-rc01] AndroidManifest.xml:20:5-44
MERGED from [androidx.arch.core:core-runtime:2.0.0-rc01] AndroidManifest.xml:20:5-44
MERGED from [androidx.arch.core:core-runtime:2.0.0-rc01] AndroidManifest.xml:20:5-44
INJECTED from src/main/AndroidManifest.xml
INJECTED from src/main/AndroidManifest.xml
	android:targetSdkVersion
		INJECTED from src/main/AndroidManifest.xml
		ADDED from src/main/AndroidManifest.xml
		INJECTED from src/main/AndroidManifest.xml
	android:minSdkVersion
		INJECTED from src/main/AndroidManifest.xml
		ADDED from src/main/AndroidManifest.xml
		INJECTED from src/main/AndroidManifest.xml
uses-permission#android.permission.INTERNET
ADDED from [lib.5plus.base-release.aar] AndroidManifest.xml:17:5-67
MERGED from [msa_mdid_1.0.13.aar] AndroidManifest.xml:6:5-67
MERGED from [msa_mdid_1.0.13.aar] AndroidManifest.xml:6:5-67
MERGED from [:facelib] AndroidManifest.xml:18:5-67
MERGED from [:facelib] AndroidManifest.xml:18:5-67
	android:name
		ADDED from [lib.5plus.base-release.aar] AndroidManifest.xml:17:22-64
uses-permission#android.permission.ACCESS_NETWORK_STATE
ADDED from [lib.5plus.base-release.aar] AndroidManifest.xml:18:5-79
MERGED from [msa_mdid_1.0.13.aar] AndroidManifest.xml:4:5-79
MERGED from [msa_mdid_1.0.13.aar] AndroidManifest.xml:4:5-79
MERGED from [:facelib] AndroidManifest.xml:16:5-79
MERGED from [:facelib] AndroidManifest.xml:16:5-79
	android:name
		ADDED from [lib.5plus.base-release.aar] AndroidManifest.xml:18:22-76
uses-permission#com.huawei.android.launcher.permission.CHANGE_BADGE
ADDED from [lib.5plus.base-release.aar] AndroidManifest.xml:24:5-91
	android:name
		ADDED from [lib.5plus.base-release.aar] AndroidManifest.xml:24:22-88
service#io.dcloud.common.adapter.io.MiniServerService
ADDED from [lib.5plus.base-release.aar] AndroidManifest.xml:160:9-162:40
	android:exported
		ADDED from [lib.5plus.base-release.aar] AndroidManifest.xml:162:13-37
	android:name
		ADDED from [lib.5plus.base-release.aar] AndroidManifest.xml:161:13-73
receiver#io.dcloud.common.adapter.io.PushReceiver
ADDED from [lib.5plus.base-release.aar] AndroidManifest.xml:164:9-170:20
	android:exported
		ADDED from [lib.5plus.base-release.aar] AndroidManifest.xml:166:13-37
	android:name
		ADDED from [lib.5plus.base-release.aar] AndroidManifest.xml:165:13-68
intent-filter#action:name:dcloud.push.broswer
ADDED from [lib.5plus.base-release.aar] AndroidManifest.xml:167:13-169:29
action#dcloud.push.broswer
ADDED from [lib.5plus.base-release.aar] AndroidManifest.xml:168:17-62
	android:name
		ADDED from [lib.5plus.base-release.aar] AndroidManifest.xml:168:25-59
activity#io.dcloud.imagepick.CustomGalleryActivity
ADDED from [lib.5plus.base-release.aar] AndroidManifest.xml:172:9-175:40
	android:noHistory
		ADDED from [lib.5plus.base-release.aar] AndroidManifest.xml:175:13-37
	android:exported
		ADDED from [lib.5plus.base-release.aar] AndroidManifest.xml:174:13-37
	android:name
		ADDED from [lib.5plus.base-release.aar] AndroidManifest.xml:173:13-69
activity#io.dcloud.feature.nativeObj.photoview.PhotoActivity
ADDED from [lib.5plus.base-release.aar] AndroidManifest.xml:176:9-180:58
	android:noHistory
		ADDED from [lib.5plus.base-release.aar] AndroidManifest.xml:179:13-38
	android:exported
		ADDED from [lib.5plus.base-release.aar] AndroidManifest.xml:178:13-37
	android:theme
		ADDED from [lib.5plus.base-release.aar] AndroidManifest.xml:180:13-55
	android:name
		ADDED from [lib.5plus.base-release.aar] AndroidManifest.xml:177:13-79
activity#io.dcloud.WebAppActivity
ADDED from [lib.5plus.base-release.aar] AndroidManifest.xml:181:9-191:58
	android:screenOrientation
		ADDED from [lib.5plus.base-release.aar] AndroidManifest.xml:188:13-49
	android:label
		ADDED from [lib.5plus.base-release.aar] AndroidManifest.xml:186:13-46
	android:launchMode
		ADDED from [lib.5plus.base-release.aar] AndroidManifest.xml:187:13-44
	android:hardwareAccelerated
		ADDED from [lib.5plus.base-release.aar] AndroidManifest.xml:184:13-47
	android:windowSoftInputMode
		ADDED from [lib.5plus.base-release.aar] AndroidManifest.xml:191:13-55
	android:configChanges
		ADDED from [lib.5plus.base-release.aar] AndroidManifest.xml:183:13-92
	android:icon
		ADDED from [lib.5plus.base-release.aar] AndroidManifest.xml:185:13-51
	android:theme
		ADDED from [lib.5plus.base-release.aar] AndroidManifest.xml:190:13-47
	android:taskAffinity
		ADDED from [lib.5plus.base-release.aar] AndroidManifest.xml:189:13-43
	android:name
		ADDED from [lib.5plus.base-release.aar] AndroidManifest.xml:182:13-52
activity#io.dcloud.ProcessMediator
ADDED from [lib.5plus.base-release.aar] AndroidManifest.xml:192:9-198:75
	android:label
		ADDED from [lib.5plus.base-release.aar] AndroidManifest.xml:196:13-45
	android:excludeFromRecents
		ADDED from [lib.5plus.base-release.aar] AndroidManifest.xml:194:13-46
	android:launchMode
		ADDED from [lib.5plus.base-release.aar] AndroidManifest.xml:197:13-43
	android:exported
		ADDED from [lib.5plus.base-release.aar] AndroidManifest.xml:195:13-37
	android:theme
		ADDED from [lib.5plus.base-release.aar] AndroidManifest.xml:198:13-72
	android:name
		ADDED from [lib.5plus.base-release.aar] AndroidManifest.xml:193:13-53
activity#io.dcloud.WebviewActivity
ADDED from [lib.5plus.base-release.aar] AndroidManifest.xml:199:9-205:20
	android:screenOrientation
		ADDED from [lib.5plus.base-release.aar] AndroidManifest.xml:202:13-49
	android:windowSoftInputMode
		ADDED from [lib.5plus.base-release.aar] AndroidManifest.xml:204:13-52
	android:exported
		ADDED from [lib.5plus.base-release.aar] AndroidManifest.xml:201:13-37
	android:theme
		ADDED from [lib.5plus.base-release.aar] AndroidManifest.xml:203:13-51
	android:name
		ADDED from [lib.5plus.base-release.aar] AndroidManifest.xml:200:13-53
receiver#io.dcloud.common.adapter.io.DownloadReceiver
ADDED from [lib.5plus.base-release.aar] AndroidManifest.xml:207:9-218:20
	android:exported
		ADDED from [lib.5plus.base-release.aar] AndroidManifest.xml:209:13-37
	android:name
		ADDED from [lib.5plus.base-release.aar] AndroidManifest.xml:208:13-72
intent-filter#action:name:android.intent.action.DOWNLOAD_COMPLETE
ADDED from [lib.5plus.base-release.aar] AndroidManifest.xml:210:13-212:29
action#android.intent.action.DOWNLOAD_COMPLETE
ADDED from [lib.5plus.base-release.aar] AndroidManifest.xml:211:17-82
	android:name
		ADDED from [lib.5plus.base-release.aar] AndroidManifest.xml:211:25-79
intent-filter#action:name:android.intent.action.PACKAGE_ADDED+data:scheme:package
ADDED from [lib.5plus.base-release.aar] AndroidManifest.xml:213:13-217:29
action#android.intent.action.PACKAGE_ADDED
ADDED from [lib.5plus.base-release.aar] AndroidManifest.xml:214:17-78
	android:name
		ADDED from [lib.5plus.base-release.aar] AndroidManifest.xml:214:25-75
meta-data#android.max_aspect
ADDED from [lib.5plus.base-release.aar] AndroidManifest.xml:236:9-238:35
	android:value
		ADDED from [lib.5plus.base-release.aar] AndroidManifest.xml:238:13-32
	android:name
		ADDED from [lib.5plus.base-release.aar] AndroidManifest.xml:237:13-46
uses-permission#android.permission.READ_EXTERNAL_STORAGE
IMPLIED from src/main/AndroidManifest.xml:2:1-96:12 reason: io.dcloud.base requested WRITE_EXTERNAL_STORAGE
MERGED from [:facelib] AndroidManifest.xml:19:5-80
MERGED from [:facelib] AndroidManifest.xml:19:5-80
receiver#com.taobao.weex.WXGlobalEventReceiver
ADDED from [uniapp-v8-release.aar] AndroidManifest.xml:30:9-34:20
	android:enabled
		ADDED from [uniapp-v8-release.aar] AndroidManifest.xml:32:13-35
	android:exported
		ADDED from [uniapp-v8-release.aar] AndroidManifest.xml:33:13-37
	android:name
		ADDED from [uniapp-v8-release.aar] AndroidManifest.xml:31:13-65
uses-permission#android.permission.READ_PHONE_STATE
ADDED from [msa_mdid_1.0.13.aar] AndroidManifest.xml:5:5-75
MERGED from [:facelib] AndroidManifest.xml:13:5-75
MERGED from [:facelib] AndroidManifest.xml:13:5-75
	android:name
		ADDED from [msa_mdid_1.0.13.aar] AndroidManifest.xml:5:22-72
uses-permission#com.asus.msa.SupplementaryDID.ACCESS
ADDED from [msa_mdid_1.0.13.aar] AndroidManifest.xml:8:5-76
	android:name
		ADDED from [msa_mdid_1.0.13.aar] AndroidManifest.xml:8:22-73
uses-permission#android.permission.RECORD_AUDIO
ADDED from [:facelib] AndroidManifest.xml:11:5-71
	android:name
		ADDED from [:facelib] AndroidManifest.xml:11:22-68
uses-permission#android.permission.ACCESS_WIFI_STATE